<?xml version="1.0" encoding="UTF-8"?>
<!-- Generated by org.testng.reporters.JUnitReportReporter -->
<testsuite hostname="ASWIN" failures="0" tests="1" name="Pckhgg.Testmaven" time="0.077" errors="0" timestamp="2024-08-03T15:32:20 IST" skipped="0">
  <testcase classname="Pckhgg.Testmaven" name="testt" time="0.077"/>
</testsuite> <!-- Pckhgg.Testmaven -->
